<?xml version="1.0" encoding="UTF-8"?>
<!-- Generated by org.testng.reporters.JUnitXMLReporter -->
<testsuite ignored="0" hostname="DESKTOP-BQ7QH96" failures="0" tests="3" name="Test" time="0.033" errors="0" timestamp="2021-06-22T10:45:51 IST">
  <testcase classname="pradheepProject.seleniumTest" name="browserAutomation" time="0.003"/>
  <testcase classname="pradheepProject.seleniumTest" name="openElementsUI" time="0.0"/>
  <testcase classname="pradheepProject.AppiumTest" name="deleteTwitter" time="0.0"/>
</testsuite> <!-- Test -->
