<?xml version="1.0" encoding="UTF-8"?>
<testng-results ignored="0" total="3" passed="3" failed="0" skipped="0">
  <reporter-output>
  </reporter-output>
  <suite started-at="2021-06-22T10:45:51 IST" name="Suite" finished-at="2021-06-22T10:45:51 IST" duration-ms="33">
    <groups>
    </groups>
    <test started-at="2021-06-22T10:45:51 IST" name="Test" finished-at="2021-06-22T10:45:51 IST" duration-ms="33">
      <class name="pradheepProject.seleniumTest">
        <test-method signature="browserAutomation()[pri:0, instance:pradheepProject.seleniumTest@fa36558]" started-at="2021-06-22T10:45:51 IST" name="browserAutomation" finished-at="2021-06-22T10:45:51 IST" duration-ms="3" status="PASS">
          <reporter-output>
          </reporter-output>
        </test-method> <!-- browserAutomation -->
        <test-method signature="openElementsUI()[pri:0, instance:pradheepProject.seleniumTest@fa36558]" started-at="2021-06-22T10:45:51 IST" name="openElementsUI" finished-at="2021-06-22T10:45:51 IST" duration-ms="0" status="PASS">
          <reporter-output>
          </reporter-output>
        </test-method> <!-- openElementsUI -->
      </class> <!-- pradheepProject.seleniumTest -->
      <class name="pradheepProject.AppiumTest">
        <test-method signature="deleteTwitter()[pri:0, instance:pradheepProject.AppiumTest@28975c28]" started-at="2021-06-22T10:45:51 IST" name="deleteTwitter" finished-at="2021-06-22T10:45:51 IST" duration-ms="0" status="PASS">
          <reporter-output>
          </reporter-output>
        </test-method> <!-- deleteTwitter -->
      </class> <!-- pradheepProject.AppiumTest -->
    </test> <!-- Test -->
  </suite> <!-- Suite -->
</testng-results>
