<?xml version="1.0" encoding="UTF-8"?>
<testsuite xmlns:xsi="http://www.w3.org/2001/XMLSchema-instance" xsi:noNamespaceSchemaLocation="https://maven.apache.org/surefire/maven-surefire-plugin/xsd/surefire-test-report-3.0.xsd" version="3.0" name="TestSuite" time="0.583" tests="3" errors="0" skipped="0" failures="0">
  <properties>
[...]
</properties>
  <testcase name="browserAutomation" classname="pradheepProject.seleniumTest" time="0.006">
    <system-out><![CDATA[browserAutomation
]]></system-out>
  </testcase>
  <testcase name="openElementsUI" classname="pradheepProject.seleniumTest" time="0.001">
    <system-out><![CDATA[openElementsUI
]]></system-out>
  </testcase>
  <testcase name="deleteTwitter" classname="pradheepProject.AppiumTest" time="0.001">
    <system-out><![CDATA[deleteTwitter
]]></system-out>
  </testcase>
</testsuite>